INFO - 2023-05-28 05:17:01,513 - Chromedriver is already installed.
INFO - 2023-05-28 05:17:01,514 - Started scrapping for Sale
INFO - 2023-05-28 05:18:20,001 - Started scrapping for Sale
INFO - 2023-05-28 05:19:27,877 - Started scrapping for Sale
INFO - 2023-05-28 05:20:59,888 - Started scrapping for Sale
INFO - 2023-05-28 05:24:07,549 - Started scrapping for Sale
INFO - 2023-05-28 05:27:38,573 - Started scrapping for Sale
INFO - 2023-05-28 05:30:49,386 - Started scrapping for Sale
INFO - 2023-05-28 05:34:09,510 - Started scrapping for Sale
INFO - 2023-05-28 05:37:53,451 - Started scrapping for Sale
INFO - 2023-05-28 05:41:13,938 - Started scrapping for Sale
INFO - 2023-05-28 05:45:03,095 - Started scrapping for Sale
INFO - 2023-05-28 05:48:50,650 - Started scrapping for Sale
INFO - 2023-05-28 05:52:27,139 - Started scrapping for Sale
INFO - 2023-05-28 05:56:38,837 - Started scrapping for Sale
INFO - 2023-05-28 06:00:33,372 - Started scrapping for Sale
INFO - 2023-05-28 06:02:24,606 - Started scrapping for Sale
INFO - 2023-05-28 06:03:31,963 - Started scrapping for Rent
INFO - 2023-05-28 06:06:52,627 - Started scrapping for Rent
INFO - 2023-05-28 06:10:08,973 - Started scrapping for Rent
INFO - 2023-05-28 06:13:13,613 - Started scrapping for Rent
INFO - 2023-05-28 06:16:17,923 - Started scrapping for Rent
INFO - 2023-05-28 06:17:23,534 - Started scrapping for Rent
INFO - 2023-05-28 06:18:15,560 - Started scrapping for Rent
INFO - 2023-05-28 06:19:15,261 - Started scrapping for Rent
INFO - 2023-05-28 06:20:05,823 - Started scrapping for Rent
INFO - 2023-05-28 06:20:54,231 - Started scrapping for Rent
INFO - 2023-05-28 06:21:41,198 - Started scrapping for Rent
INFO - 2023-05-28 06:22:59,793 - Started scrapping for Rent
INFO - 2023-05-28 06:24:22,892 - Started scrapping for Rent
INFO - 2023-05-28 06:25:37,954 - Started scrapping for Rent
INFO - 2023-05-28 06:27:02,299 - Started scrapping for Rent
INFO - 2023-05-28 06:27:39,239 - Started scrapping for Rent
INFO - 2023-05-28 06:28:40,605 - Started scrapping for Rent
INFO - 2023-05-28 06:30:00,052 - Started scrapping for Rent
INFO - 2023-05-28 06:30:41,784 - Started scrapping for Rent
INFO - 2023-05-28 06:31:18,264 - Started scrapping for Rent
INFO - 2023-05-28 06:32:13,887 - Started scrapping for Sale
INFO - 2023-05-28 06:33:53,084 - Started scrapping for Sale
INFO - 2023-05-28 06:35:43,974 - Started scrapping for Sale
INFO - 2023-05-28 06:37:36,448 - Started scrapping for Sale
INFO - 2023-05-28 06:39:02,973 - Started scrapping for Sale
INFO - 2023-05-28 06:39:40,373 - Started scrapping for Rent
INFO - 2023-05-28 06:41:03,539 - Started scrapping for Rent
INFO - 2023-05-28 06:41:45,109 - Started scrapping for Rent
INFO - 2023-05-28 06:42:14,939 - Started scrapping for Rent
INFO - 2023-05-28 06:42:30,071 - Started scrapping for Rent
INFO - 2023-05-28 06:43:36,141 - Started scrapping for Rent
INFO - 2023-05-28 06:48:33,590 - Started scrapping for Rent
INFO - 2023-05-28 06:49:28,864 - Started scrapping for Rent
INFO - 2023-05-28 06:50:19,005 - Started scrapping for Rent
INFO - 2023-05-28 06:51:09,068 - Started scrapping for Rent
INFO - 2023-05-28 06:52:08,341 - Started scrapping for Rent
INFO - 2023-05-28 06:52:31,759 - Started scrapping for Rent
INFO - 2023-05-28 06:52:53,139 - Started scrapping for Rent
INFO - 2023-05-28 06:53:04,897 - Started scrapping for Rent
INFO - 2023-05-28 06:53:33,569 - Started scrapping for Rent
INFO - 2023-05-28 06:54:17,518 - Started scrapping for Rent
INFO - 2023-05-28 06:54:31,203 - Started scrapping for Rent
INFO - 2023-05-28 06:54:58,784 - Started scrapping for Rent
INFO - 2023-05-28 06:55:22,966 - Started scrapping for Rent
INFO - 2023-05-28 06:55:55,237 - Started scrapping for Rent
INFO - 2023-05-28 06:57:34,209 - Started scrapping for Sale
INFO - 2023-05-28 06:59:08,780 - Started scrapping for Sale
INFO - 2023-05-28 07:00:43,985 - Started scrapping for Sale
INFO - 2023-05-28 07:05:47,175 - Started scrapping for Rent
INFO - 2023-05-28 07:07:48,293 - Started scrapping for Rent
INFO - 2023-05-28 07:09:04,239 - Started scrapping for Rent
INFO - 2023-05-28 07:10:31,142 - Started scrapping for Rent
INFO - 2023-05-28 07:12:27,112 - Started scrapping for Rent
INFO - 2023-05-28 07:13:48,789 - Started scrapping for Rent
INFO - 2023-05-28 07:15:38,639 - Started scrapping for Rent
INFO - 2023-05-28 07:18:46,089 - Started scrapping for Rent
INFO - 2023-05-28 07:22:42,972 - Started scrapping for Rent
INFO - 2023-05-28 07:26:32,216 - Started scrapping for Rent
INFO - 2023-05-28 07:28:15,759 - Started scrapping for Rent
INFO - 2023-05-28 07:29:20,207 - Started scrapping for Rent
INFO - 2023-05-28 07:30:24,577 - Started scrapping for Rent
INFO - 2023-05-28 07:31:36,453 - Started scrapping for Rent
INFO - 2023-05-28 07:32:54,951 - Started scrapping for Rent
INFO - 2023-05-28 07:34:05,269 - Started scrapping for Rent
INFO - 2023-05-28 07:35:06,981 - Started scrapping for Rent
INFO - 2023-05-28 07:36:24,952 - Started scrapping for Rent
INFO - 2023-05-28 07:37:20,138 - Started scrapping for Rent
INFO - 2023-05-28 07:38:15,354 - Started scrapping for Rent
INFO - 2023-05-28 07:39:42,252 - Started scrapping for Sale
INFO - 2023-05-28 07:42:38,661 - Started scrapping for Sale
INFO - 2023-05-28 07:46:07,733 - Started scrapping for Sale
INFO - 2023-05-28 07:49:17,653 - Started scrapping for Sale
INFO - 2023-05-28 07:51:32,120 - Started scrapping for Sale
INFO - 2023-05-28 07:56:34,203 - Started scrapping for Rent
INFO - 2023-05-28 07:57:58,041 - Started scrapping for Rent
INFO - 2023-05-28 07:59:57,732 - Started scrapping for Rent
INFO - 2023-05-28 08:02:13,498 - Started scrapping for Rent
INFO - 2023-05-28 08:03:57,093 - Started scrapping for Rent
INFO - 2023-05-28 08:05:32,730 - Started scrapping for Rent
INFO - 2023-05-28 08:07:22,222 - Started scrapping for Rent
INFO - 2023-05-28 08:08:56,881 - Started scrapping for Rent
INFO - 2023-05-28 08:10:41,233 - Started scrapping for Rent
INFO - 2023-05-28 08:11:32,973 - Started scrapping for Rent
INFO - 2023-05-28 08:12:18,128 - Started scrapping for Rent
INFO - 2023-05-28 08:13:11,121 - Started scrapping for Rent
INFO - 2023-05-28 08:13:30,902 - Started scrapping for Rent
INFO - 2023-05-28 08:13:59,905 - Started scrapping for Rent
INFO - 2023-05-28 08:14:58,595 - Started scrapping for Rent
INFO - 2023-05-28 08:15:38,381 - Started scrapping for Rent
INFO - 2023-05-28 08:16:31,393 - Started scrapping for Rent
INFO - 2023-05-28 08:17:34,994 - Started scrapping for Rent
INFO - 2023-05-28 08:18:17,025 - Started scrapping for Rent
INFO - 2023-05-28 08:18:54,351 - Started scrapping for Rent
INFO - 2023-05-28 08:20:05,363 - Started scrapping for Sale
INFO - 2023-05-28 08:22:18,280 - Started scrapping for Sale
INFO - 2023-05-28 08:23:37,775 - Started scrapping for Rent
INFO - 2023-05-28 08:25:38,565 - Started scrapping for Rent
INFO - 2023-05-28 08:27:24,526 - Started scrapping for Rent
INFO - 2023-05-28 08:29:39,275 - Started scrapping for Rent
INFO - 2023-05-28 08:31:18,066 - Started scrapping for Rent
INFO - 2023-05-28 08:36:21,106 - Started scrapping for Sale
INFO - 2023-05-28 08:38:20,943 - Started scrapping for Sale
INFO - 2023-05-28 08:40:50,296 - Started scrapping for Sale
INFO - 2023-05-28 08:42:31,766 - Started scrapping for Sale
INFO - 2023-05-28 08:43:52,010 - Started scrapping for Sale
INFO - 2023-05-28 08:48:53,698 - Started scrapping for Rent
INFO - 2023-05-28 08:50:31,372 - Started scrapping for Rent
INFO - 2023-05-28 08:52:33,631 - Started scrapping for Rent
INFO - 2023-05-28 08:54:39,145 - Started scrapping for Rent
INFO - 2023-05-28 08:56:19,135 - Started scrapping for Rent
INFO - 2023-05-28 09:02:16,528 - Started scrapping for Rent
INFO - 2023-05-28 09:07:18,229 - Started scrapping for Sale
INFO - 2023-05-28 09:09:05,850 - Started scrapping for Sale
INFO - 2023-05-28 09:15:01,566 - Started scrapping for Sale
INFO - 2023-05-28 09:17:17,391 - Started scrapping for Sale
INFO - 2023-05-28 09:18:33,550 - Started scrapping for Sale
INFO - 2023-05-28 09:20:30,157 - Started scrapping for Sale
INFO - 2023-05-28 09:22:34,907 - Started scrapping for Sale
INFO - 2023-05-28 09:24:24,440 - Started scrapping for Sale
INFO - 2023-05-28 09:26:21,446 - Started scrapping for Sale
INFO - 2023-05-28 09:28:13,309 - Started scrapping for Sale
INFO - 2023-05-28 09:30:20,892 - Started scrapping for Sale
INFO - 2023-05-28 09:32:24,976 - Started scrapping for Sale
INFO - 2023-05-28 09:33:58,984 - Started scrapping for Sale
INFO - 2023-05-28 09:35:41,048 - Started scrapping for Sale
INFO - 2023-05-28 09:36:38,013 - Started scrapping for Sale
INFO - 2023-05-28 09:38:06,042 - Started scrapping for Rent
INFO - 2023-05-28 09:39:50,915 - Started scrapping for Rent
INFO - 2023-05-28 09:41:12,818 - Started scrapping for Rent
INFO - 2023-05-28 09:42:39,028 - Started scrapping for Rent
INFO - 2023-05-28 09:44:25,928 - Started scrapping for Rent
INFO - 2023-05-28 09:49:27,720 - Started scrapping for Sale
INFO - 2023-05-28 09:51:16,232 - Started scrapping for Sale
INFO - 2023-05-28 09:52:38,254 - Started scrapping for Sale
INFO - 2023-05-28 09:54:10,697 - Started scrapping for Sale
INFO - 2023-05-28 09:56:05,635 - Started scrapping for Sale
INFO - 2023-05-28 09:59:17,394 - Started scrapping for Sale
INFO - 2023-05-28 10:00:36,249 - Started scrapping for Sale
INFO - 2023-05-28 10:02:12,752 - Started scrapping for Sale
INFO - 2023-05-28 10:03:50,587 - Started scrapping for Sale
INFO - 2023-05-28 10:05:50,965 - Started scrapping for Rent
INFO - 2023-05-28 10:08:41,269 - Started scrapping for Rent
INFO - 2023-05-28 10:10:45,667 - Started scrapping for Rent
INFO - 2023-05-28 10:12:35,583 - Started scrapping for Rent
INFO - 2023-05-28 10:18:15,910 - Started scrapping for Rent
INFO - 2023-05-28 10:19:26,988 - Started scrapping for Rent
INFO - 2023-05-28 10:20:24,978 - Started scrapping for Rent
INFO - 2023-05-28 10:21:15,560 - Started scrapping for Rent
INFO - 2023-05-28 10:22:46,038 - Started scrapping for Rent
INFO - 2023-05-28 10:23:30,441 - Started scrapping for Rent
INFO - 2023-05-28 10:28:32,202 - Started scrapping for Sale
INFO - 2023-05-28 10:29:59,783 - Started scrapping for Sale
INFO - 2023-05-28 10:31:37,640 - Started scrapping for Sale
INFO - 2023-05-28 10:33:44,058 - Started scrapping for Sale
INFO - 2023-05-28 10:35:50,363 - Started scrapping for Sale
INFO - 2023-05-28 10:40:52,172 - Started scrapping for Rent
INFO - 2023-05-28 10:42:40,541 - Started scrapping for Rent
INFO - 2023-05-28 10:44:46,033 - Started scrapping for Rent
INFO - 2023-05-28 10:45:59,841 - Started scrapping for Rent
INFO - 2023-05-28 10:46:16,860 - Started scrapping for Rent
INFO - 2023-05-28 10:46:53,432 - Started scrapping for Rent
INFO - 2023-05-28 10:47:56,792 - Started scrapping for Rent
INFO - 2023-05-28 10:49:26,133 - Started scrapping for Rent
INFO - 2023-05-28 10:50:34,268 - Started scrapping for Rent
INFO - 2023-05-28 10:51:39,942 - Started scrapping for Rent
INFO - 2023-05-28 10:52:27,901 - Started scrapping for Rent
INFO - 2023-05-28 10:53:30,795 - Started scrapping for Rent
INFO - 2023-05-28 10:54:43,174 - Started scrapping for Rent
INFO - 2023-05-28 10:55:06,482 - Started scrapping for Rent
INFO - 2023-05-28 10:56:38,197 - Started scrapping for Rent
INFO - 2023-05-28 10:57:45,889 - Started scrapping for Rent
INFO - 2023-05-28 10:57:59,833 - Started scrapping for Rent
INFO - 2023-05-28 10:58:18,734 - Started scrapping for Rent
INFO - 2023-05-28 11:03:22,354 - Started scrapping for Sale
INFO - 2023-05-28 11:04:58,171 - Started scrapping for Sale
INFO - 2023-05-28 11:06:52,266 - Started scrapping for Sale
INFO - 2023-05-28 11:08:33,773 - Started scrapping for Sale
INFO - 2023-05-28 11:10:10,120 - Started scrapping for Sale
INFO - 2023-05-28 11:12:27,765 - Started scrapping for Sale
INFO - 2023-05-28 11:18:29,235 - Started scrapping for Sale
INFO - 2023-05-28 11:19:35,342 - Started scrapping for Sale
INFO - 2023-05-28 11:20:15,168 - Started scrapping for Rent
INFO - 2023-05-28 11:22:22,731 - Started scrapping for Rent
INFO - 2023-05-28 11:24:15,368 - Started scrapping for Rent
INFO - 2023-05-28 11:25:03,875 - Started scrapping for Rent
INFO - 2023-05-28 11:25:44,778 - Started scrapping for Rent
INFO - 2023-05-28 11:26:34,860 - Started scrapping for Rent
INFO - 2023-05-28 11:27:09,587 - Started scrapping for Rent
INFO - 2023-05-28 11:28:39,189 - Started scrapping for Rent
INFO - 2023-05-28 11:29:18,121 - Started scrapping for Rent
INFO - 2023-05-28 11:30:06,509 - Started scrapping for Rent
INFO - 2023-05-28 11:30:26,069 - Started scrapping for Rent
INFO - 2023-05-28 11:31:27,738 - Started scrapping for Rent
INFO - 2023-05-28 11:32:32,512 - Started scrapping for Rent
INFO - 2023-05-28 11:33:48,951 - Started scrapping for Rent
INFO - 2023-05-28 11:38:50,793 - Started scrapping for Sale
INFO - 2023-05-28 11:41:12,717 - Started scrapping for Sale
INFO - 2023-05-28 11:42:41,503 - Started scrapping for Sale
INFO - 2023-05-28 11:44:08,891 - Started scrapping for Sale
INFO - 2023-05-28 11:46:10,259 - Started scrapping for Sale
INFO - 2023-05-28 11:48:32,731 - Started scrapping for Sale
INFO - 2023-05-28 11:50:49,230 - Started scrapping for Sale
INFO - 2023-05-28 11:52:21,429 - Started scrapping for Sale
INFO - 2023-05-28 11:57:24,612 - Started scrapping for Rent
INFO - 2023-05-28 11:59:21,806 - Started scrapping for Rent
INFO - 2023-05-28 12:01:16,139 - Started scrapping for Rent
INFO - 2023-05-28 12:03:31,435 - Started scrapping for Rent
INFO - 2023-05-28 12:05:25,593 - Started scrapping for Rent
INFO - 2023-05-28 12:06:50,580 - Started scrapping for Rent
INFO - 2023-05-28 12:07:04,402 - Started scrapping for Rent
INFO - 2023-05-28 12:08:34,541 - Started scrapping for Rent
INFO - 2023-05-28 12:09:15,955 - Started scrapping for Rent
INFO - 2023-05-28 12:09:45,771 - Started scrapping for Rent
INFO - 2023-05-28 12:10:22,760 - Started scrapping for Rent
INFO - 2023-05-28 12:11:24,143 - Started scrapping for Rent
INFO - 2023-05-28 12:12:08,404 - Started scrapping for Rent
INFO - 2023-05-28 12:17:16,037 - Started scrapping for Rent
INFO - 2023-05-28 12:17:47,792 - Started scrapping for Rent
INFO - 2023-05-28 12:18:07,319 - Started scrapping for Rent
INFO - 2023-05-28 12:23:14,993 - Started scrapping for Rent
INFO - 2023-05-28 12:23:38,068 - Started scrapping for Rent
INFO - 2023-05-28 12:24:20,835 - Started scrapping for Rent
INFO - 2023-05-28 12:24:51,895 - Started scrapping for Rent
INFO - 2023-05-28 12:25:27,330 - Started scrapping for Sale
INFO - 2023-05-28 12:26:48,747 - Started scrapping for Sale
INFO - 2023-05-28 12:28:30,475 - Started scrapping for Sale
INFO - 2023-05-28 12:30:14,610 - Started scrapping for Sale
INFO - 2023-05-28 12:32:08,233 - Started scrapping for Sale
INFO - 2023-05-28 12:33:53,865 - Started scrapping for Sale
INFO - 2023-05-28 12:35:53,561 - Started scrapping for Sale
INFO - 2023-05-28 12:36:53,111 - Started scrapping for Rent
INFO - 2023-05-28 12:38:21,585 - Started scrapping for Rent
INFO - 2023-05-28 12:39:55,832 - Started scrapping for Rent
INFO - 2023-05-28 12:41:26,275 - Started scrapping for Rent
INFO - 2023-05-28 12:46:31,278 - Started scrapping for Rent
INFO - 2023-05-28 12:47:19,762 - Started scrapping for Rent
INFO - 2023-05-28 12:48:02,457 - Started scrapping for Rent
INFO - 2023-05-28 12:48:55,228 - Started scrapping for Rent
INFO - 2023-05-28 12:49:47,709 - Started scrapping for Rent
INFO - 2023-05-28 12:50:57,090 - Started scrapping for Rent
INFO - 2023-05-28 12:51:42,758 - Started scrapping for Rent
INFO - 2023-05-28 12:56:44,812 - Started scrapping for Sale
INFO - 2023-05-28 12:58:14,686 - Started scrapping for Sale
INFO - 2023-05-28 12:59:30,225 - Started scrapping for Sale
INFO - 2023-05-28 13:00:29,222 - Started scrapping for Rent
INFO - 2023-05-28 13:02:29,570 - Started scrapping for Rent
INFO - 2023-05-28 13:03:02,513 - Started scrapping for Rent
INFO - 2023-05-28 13:04:55,208 - Started scrapping for Rent
INFO - 2023-05-28 13:05:39,071 - Started scrapping for Rent
INFO - 2023-05-28 13:06:18,275 - Started scrapping for Rent
INFO - 2023-05-28 13:07:03,956 - Started scrapping for Rent
INFO - 2023-05-28 13:07:54,038 - Started scrapping for Rent
INFO - 2023-05-28 13:08:33,011 - Started scrapping for Rent
INFO - 2023-05-28 13:09:33,010 - Started scrapping for Rent
INFO - 2023-05-28 13:10:23,241 - Started scrapping for Rent
INFO - 2023-05-28 13:10:45,438 - Started scrapping for Rent
INFO - 2023-05-28 13:11:22,906 - Started scrapping for Rent
INFO - 2023-05-28 13:12:48,740 - Started scrapping for Rent
INFO - 2023-05-28 13:13:20,903 - Started scrapping for Rent
INFO - 2023-05-28 13:13:56,371 - Started scrapping for Rent
INFO - 2023-05-28 13:16:01,611 - Started scrapping for Rent
INFO - 2023-05-28 13:16:24,291 - Started scrapping for Rent
INFO - 2023-05-28 13:16:52,680 - Started scrapping for Rent
INFO - 2023-05-28 13:17:35,675 - Started scrapping for Rent
INFO - 2023-05-28 13:18:06,567 - Started scrapping for Sale
INFO - 2023-05-28 13:19:42,000 - Started scrapping for Sale
INFO - 2023-05-28 13:21:03,534 - Started scrapping for Sale
INFO - 2023-05-28 13:21:18,854 - Started scrapping for Rent
INFO - 2023-05-28 13:23:05,471 - Started scrapping for Rent
INFO - 2023-05-28 13:23:20,463 - Started scrapping for Rent
INFO - 2023-05-28 13:23:50,433 - Started scrapping for Rent
INFO - 2023-05-28 13:28:57,257 - Started scrapping for Rent
INFO - 2023-05-28 13:30:05,245 - Started scrapping for Rent
INFO - 2023-05-28 13:30:53,175 - Started scrapping for Rent
INFO - 2023-05-28 13:32:15,632 - Started scrapping for Rent
INFO - 2023-05-28 13:33:24,535 - Started scrapping for Rent
INFO - 2023-05-28 13:33:52,823 - Started scrapping for Rent
INFO - 2023-05-28 13:34:30,689 - Started scrapping for Rent
INFO - 2023-05-28 13:35:33,733 - Started scrapping for Rent
INFO - 2023-05-28 13:36:23,930 - Started scrapping for Rent
INFO - 2023-05-28 13:37:12,937 - Started scrapping for Rent
INFO - 2023-05-28 13:38:15,189 - Started scrapping for Rent
INFO - 2023-05-28 13:39:42,121 - Started scrapping for Rent
INFO - 2023-05-28 13:41:04,167 - Started scrapping for Rent
INFO - 2023-05-28 13:41:55,317 - Started scrapping for Rent
INFO - 2023-05-28 13:46:57,629 - Started scrapping for Sale
INFO - 2023-05-28 13:48:38,680 - Started scrapping for Sale
INFO - 2023-05-28 13:49:55,142 - Started scrapping for Sale
INFO - 2023-05-28 13:50:19,802 - Started scrapping for Rent
INFO - 2023-05-28 13:52:19,056 - Started scrapping for Rent
INFO - 2023-05-28 13:53:39,138 - Started scrapping for Rent
INFO - 2023-05-28 13:58:41,193 - Started scrapping for Sale
INFO - 2023-05-28 14:00:26,778 - Started scrapping for Sale
INFO - 2023-05-28 14:05:28,566 - Started scrapping for Rent
INFO - 2023-05-28 14:07:27,957 - Started scrapping for Rent
INFO - 2023-05-28 14:12:30,095 - Started scrapping for Sale
INFO - 2023-05-28 14:14:43,574 - Started scrapping for Sale
INFO - 2023-05-28 14:15:44,510 - Started scrapping for Rent
INFO - 2023-05-28 14:18:14,839 - Started scrapping for Rent
INFO - 2023-05-28 14:20:21,223 - Started scrapping for Rent
INFO - 2023-05-28 14:21:45,518 - Started scrapping for Rent
INFO - 2023-05-28 14:22:08,505 - Started scrapping for Rent
INFO - 2023-05-28 14:23:10,739 - Started scrapping for Rent
INFO - 2023-05-28 14:23:43,608 - Started scrapping for Rent
INFO - 2023-05-28 14:24:41,592 - Started scrapping for Rent
INFO - 2023-05-28 14:25:52,418 - Started scrapping for Rent
INFO - 2023-05-28 14:27:33,004 - Started scrapping for Rent
INFO - 2023-05-28 14:28:24,572 - Started scrapping for Rent
INFO - 2023-05-28 14:29:50,833 - Started scrapping for Rent
INFO - 2023-05-28 14:30:46,424 - Started scrapping for Rent
INFO - 2023-05-28 14:35:49,844 - Started scrapping for Sale
INFO - 2023-05-28 14:37:29,645 - Started scrapping for Sale
INFO - 2023-05-28 14:39:52,424 - Started scrapping for Sale
INFO - 2023-05-28 14:41:25,149 - Started scrapping for Sale
INFO - 2023-05-28 14:42:58,988 - Started scrapping for Sale
INFO - 2023-05-28 14:48:01,111 - Started scrapping for Rent
INFO - 2023-05-28 14:50:30,747 - Started scrapping for Rent
INFO - 2023-05-28 14:52:19,965 - Started scrapping for Rent
INFO - 2023-05-28 14:54:16,402 - Started scrapping for Rent
INFO - 2023-05-28 14:57:12,377 - Started scrapping for Rent
INFO - 2023-05-28 14:57:47,680 - Started scrapping for Rent
INFO - 2023-05-28 14:58:06,181 - Started scrapping for Rent
INFO - 2023-05-28 14:59:32,195 - Started scrapping for Rent
INFO - 2023-05-28 15:04:34,619 - Started scrapping for Sale
INFO - 2023-05-28 15:06:38,749 - Started scrapping for Sale
INFO - 2023-05-28 15:08:02,872 - Started scrapping for Sale
INFO - 2023-05-28 15:08:23,351 - Started scrapping for Rent
INFO - 2023-05-28 15:10:57,027 - Started scrapping for Rent
INFO - 2023-05-28 15:13:10,438 - Started scrapping for Rent
INFO - 2023-05-28 15:14:40,679 - Started scrapping for Rent
INFO - 2023-05-28 15:15:57,847 - Started scrapping for Rent
INFO - 2023-05-28 15:16:44,435 - Started scrapping for Rent
INFO - 2023-05-28 15:18:12,559 - Started scrapping for Rent
INFO - 2023-05-28 15:19:44,966 - Started scrapping for Rent
INFO - 2023-05-28 15:21:24,721 - Started scrapping for Rent
INFO - 2023-05-28 15:22:14,556 - Started scrapping for Rent
INFO - 2023-05-28 15:27:17,047 - Started scrapping for Sale
INFO - 2023-05-28 15:29:05,245 - Started scrapping for Sale
INFO - 2023-05-28 15:29:43,298 - Started scrapping for Rent
INFO - 2023-05-28 15:31:21,918 - Started scrapping for Rent
INFO - 2023-05-28 15:32:02,679 - Started scrapping for Rent
INFO - 2023-05-28 15:33:12,494 - Started scrapping for Rent
INFO - 2023-05-28 15:34:12,813 - Started scrapping for Rent
INFO - 2023-05-28 15:34:58,294 - Started scrapping for Rent
INFO - 2023-05-28 15:36:01,165 - Started scrapping for Rent
INFO - 2023-05-28 15:36:57,139 - Started scrapping for Rent
INFO - 2023-05-28 15:37:47,937 - Started scrapping for Rent
INFO - 2023-05-28 15:38:45,995 - Started scrapping for Rent
INFO - 2023-05-28 15:39:13,816 - Started scrapping for Rent
INFO - 2023-05-28 15:39:56,134 - Started scrapping for Rent
INFO - 2023-05-28 15:40:44,144 - Started scrapping for Rent
INFO - 2023-05-28 15:42:02,940 - Started scrapping for Rent
INFO - 2023-05-28 15:47:07,281 - Started scrapping for Sale
INFO - 2023-05-28 15:48:56,296 - Started scrapping for Sale
INFO - 2023-05-28 15:51:28,295 - Started scrapping for Sale
INFO - 2023-05-28 15:56:36,388 - Started scrapping for Rent
INFO - 2023-05-28 15:58:15,076 - Started scrapping for Rent
INFO - 2023-05-28 15:59:09,724 - Started scrapping for Rent
INFO - 2023-05-28 16:00:05,710 - Started scrapping for Rent
INFO - 2023-05-28 16:00:21,323 - Started scrapping for Rent
INFO - 2023-05-28 16:00:56,387 - Started scrapping for Rent
INFO - 2023-05-28 16:02:11,353 - Started scrapping for Rent
INFO - 2023-05-28 16:03:12,164 - Started scrapping for Rent
INFO - 2023-05-28 16:04:44,460 - Started scrapping for Rent
INFO - 2023-05-28 16:05:20,380 - Started scrapping for Rent
INFO - 2023-05-28 16:05:48,240 - Started scrapping for Rent
INFO - 2023-05-28 16:06:16,005 - Started scrapping for Rent
INFO - 2023-05-28 16:06:53,070 - Started scrapping for Rent
INFO - 2023-05-28 16:07:24,327 - Started scrapping for Rent
INFO - 2023-05-28 16:07:56,500 - Started scrapping for Rent
INFO - 2023-05-28 16:08:28,603 - Started scrapping for Rent
INFO - 2023-05-28 16:09:54,721 - Started scrapping for Rent
INFO - 2023-05-28 16:10:36,361 - Started scrapping for Rent
INFO - 2023-05-28 16:11:11,383 - Started scrapping for Rent
INFO - 2023-05-28 16:12:47,440 - Started scrapping for Rent
INFO - 2023-05-28 16:13:29,690 - Started scrapping for Sale
INFO - 2023-05-28 16:15:02,322 - Started scrapping for Sale
INFO - 2023-05-28 16:17:00,558 - Started scrapping for Sale
INFO - 2023-05-28 16:22:02,397 - Started scrapping for Rent
INFO - 2023-05-28 16:24:04,008 - Started scrapping for Rent
INFO - 2023-05-28 16:25:25,572 - Started scrapping for Rent
INFO - 2023-05-28 16:26:12,807 - Started scrapping for Rent
INFO - 2023-05-28 16:27:13,954 - Started scrapping for Rent
INFO - 2023-05-28 16:27:58,516 - Started scrapping for Rent
INFO - 2023-05-28 16:28:37,585 - Started scrapping for Rent
INFO - 2023-05-28 16:29:37,821 - Started scrapping for Rent
INFO - 2023-05-28 16:30:08,348 - Started scrapping for Rent
INFO - 2023-05-28 16:31:12,073 - Started scrapping for Rent
INFO - 2023-05-28 16:31:39,848 - Started scrapping for Rent
INFO - 2023-05-28 16:36:42,340 - Started scrapping for Sale
INFO - 2023-05-28 16:38:17,831 - Started scrapping for Sale
INFO - 2023-05-28 16:40:04,124 - Started scrapping for Sale
INFO - 2023-05-28 16:41:36,170 - Started scrapping for Sale
INFO - 2023-05-28 16:43:07,408 - Started scrapping for Sale
INFO - 2023-05-28 16:44:42,268 - Started scrapping for Sale
INFO - 2023-05-28 16:46:38,456 - Started scrapping for Sale
INFO - 2023-05-28 16:52:40,028 - Started scrapping for Sale
INFO - 2023-05-28 16:57:42,414 - Started scrapping for Rent
INFO - 2023-05-28 16:59:48,859 - Started scrapping for Rent
INFO - 2023-05-28 17:01:26,792 - Started scrapping for Rent
INFO - 2023-05-28 17:02:22,029 - Started scrapping for Rent
INFO - 2023-05-28 17:03:24,794 - Started scrapping for Rent
INFO - 2023-05-28 17:08:26,275 - Started scrapping for Rent
INFO - 2023-05-28 17:10:39,930 - Started scrapping for Rent
INFO - 2023-05-28 17:11:51,399 - Started scrapping for Rent
INFO - 2023-05-28 17:16:53,876 - Started scrapping for Sale
INFO - 2023-05-28 17:18:12,677 - Started scrapping for Sale
INFO - 2023-05-28 17:23:14,423 - Started scrapping for Rent
INFO - 2023-05-28 17:25:16,594 - Started scrapping for Rent
INFO - 2023-05-28 17:27:29,195 - Started scrapping for Rent
INFO - 2023-05-28 17:28:39,221 - Started scrapping for Rent
INFO - 2023-05-28 17:30:04,603 - Started scrapping for Rent
INFO - 2023-05-28 17:31:10,487 - Started scrapping for Rent
INFO - 2023-05-28 17:36:16,450 - Started scrapping for Rent
INFO - 2023-05-28 17:36:33,584 - Started scrapping for Rent
INFO - 2023-05-28 17:41:35,661 - Started scrapping for Sale
INFO - 2023-05-28 17:43:26,961 - Started scrapping for Sale
INFO - 2023-05-28 17:45:26,381 - Started scrapping for Sale
INFO - 2023-05-28 17:47:10,392 - Started scrapping for Sale
INFO - 2023-05-28 17:49:00,657 - Started scrapping for Sale
INFO - 2023-05-28 17:54:02,468 - Started scrapping for Rent
INFO - 2023-05-28 17:55:43,469 - Started scrapping for Rent
INFO - 2023-05-28 17:57:05,137 - Started scrapping for Rent
INFO - 2023-05-28 18:02:07,320 - Started scrapping for Sale
INFO - 2023-05-28 18:03:41,038 - Started scrapping for Sale
INFO - 2023-05-28 18:05:15,356 - Started scrapping for Sale
INFO - 2023-05-28 18:10:17,294 - Started scrapping for Rent
INFO - 2023-05-28 18:12:19,817 - Started scrapping for Rent
INFO - 2023-05-28 18:13:09,191 - Started scrapping for Rent
INFO - 2023-05-28 18:13:39,934 - Started scrapping for Rent
INFO - 2023-05-28 18:14:31,010 - Started scrapping for Rent
INFO - 2023-05-28 18:15:09,208 - Started scrapping for Rent
INFO - 2023-05-28 18:15:25,905 - Started scrapping for Rent
INFO - 2023-05-28 18:16:12,811 - Started scrapping for Rent
INFO - 2023-05-28 18:16:42,063 - Started scrapping for Rent
INFO - 2023-05-28 18:16:56,621 - Started scrapping for Rent
INFO - 2023-05-28 18:17:14,347 - Started scrapping for Rent
INFO - 2023-05-28 18:18:09,560 - Started scrapping for Rent
INFO - 2023-05-28 18:18:56,095 - Started scrapping for Rent
INFO - 2023-05-28 18:19:49,531 - Started scrapping for Rent
INFO - 2023-05-28 18:21:02,036 - Started scrapping for Rent
INFO - 2023-05-28 18:21:41,992 - Started scrapping for Rent
INFO - 2023-05-28 18:22:31,714 - Started scrapping for Rent
INFO - 2023-05-28 18:23:38,382 - Started scrapping for Rent
INFO - 2023-05-28 18:24:42,995 - Started scrapping for Rent
INFO - 2023-05-28 18:25:53,754 - Started scrapping for Rent
INFO - 2023-05-28 18:26:29,648 - Started scrapping for Sale
INFO - 2023-05-28 18:31:31,531 - Started scrapping for Rent
INFO - 2023-05-28 18:33:23,097 - Started scrapping for Rent
INFO - 2023-05-28 18:35:10,227 - Started scrapping for Rent
INFO - 2023-05-28 18:37:17,985 - Started scrapping for Rent
INFO - 2023-05-28 18:38:31,167 - Started scrapping for Rent
INFO - 2023-05-28 18:39:14,635 - Started scrapping for Rent
INFO - 2023-05-28 18:40:10,860 - Started scrapping for Rent
INFO - 2023-05-28 18:41:11,189 - Started scrapping for Rent
INFO - 2023-05-28 18:42:39,709 - Started scrapping for Rent
INFO - 2023-05-28 18:43:19,104 - Started scrapping for Rent
INFO - 2023-05-28 18:44:25,867 - Started scrapping for Rent
INFO - 2023-05-28 18:45:40,795 - Started scrapping for Rent
INFO - 2023-05-28 18:50:41,747 - Started scrapping for Rent
INFO - 2023-05-28 18:51:01,076 - Started scrapping for Rent
INFO - 2023-05-28 18:56:03,044 - Started scrapping for Sale
INFO - 2023-05-28 18:57:44,474 - Started scrapping for Sale
INFO - 2023-05-28 18:59:43,006 - Started scrapping for Sale
INFO - 2023-05-28 19:01:33,660 - Started scrapping for Sale
INFO - 2023-05-28 19:06:35,504 - Started scrapping for Rent
INFO - 2023-05-28 19:09:09,796 - Started scrapping for Rent
INFO - 2023-05-28 19:09:15,463 - Started scrapping for Sale
INFO - 2023-05-28 19:09:22,689 - Started scrapping for Rent
INFO - 2023-05-28 19:09:38,866 - Started scrapping for Sale
INFO - 2023-05-28 19:09:57,947 - Started scrapping for Rent
INFO - 2023-05-28 19:10:05,028 - Success! zoopla scraped data created with 4450 properties
INFO - 2023-05-28 19:10:05,028 - Zoopla batch2 scrapping runtime: 49984 seconds
